{"/Users/arimendelow/Projects/ouroboros-skills-claude-hooks/scripts/check-claude-plugin-load.cjs":{"path":"/Users/arimendelow/Projects/ouroboros-skills-claude-hooks/scripts/check-claude-plugin-load.cjs","statementMap":{"0":{"start":{"line":12,"column":25},"end":{"line":12,"column":54}},"1":{"start":{"line":13,"column":11},"end":{"line":13,"column":29}},"2":{"start":{"line":14,"column":11},"end":{"line":14,"column":29}},"3":{"start":{"line":15,"column":13},"end":{"line":15,"column":33}},"4":{"start":{"line":17,"column":24},"end":{"line":17,"column":53}},"5":{"start":{"line":20,"column":2},"end":{"line":25,"column":5}},"6":{"start":{"line":20,"column":24},"end":{"line":25,"column":4}},"7":{"start":{"line":29,"column":18},"end":{"line":29,"column":74}},"8":{"start":{"line":30,"column":15},"end":{"line":30,"column":41}},"9":{"start":{"line":31,"column":2},"end":{"line":31,"column":21}},"10":{"start":{"line":32,"column":14},"end":{"line":32,"column":89}},"11":{"start":{"line":34,"column":2},"end":{"line":57,"column":3}},"12":{"start":{"line":35,"column":4},"end":{"line":35,"column":57}},"13":{"start":{"line":36,"column":4},"end":{"line":40,"column":5}},"14":{"start":{"line":37,"column":6},"end":{"line":37,"column":42}},"15":{"start":{"line":39,"column":6},"end":{"line":39,"column":96}},"16":{"start":{"line":43,"column":22},"end":{"line":43,"column":72}},"17":{"start":{"line":44,"column":21},"end":{"line":44,"column":23}},"18":{"start":{"line":45,"column":4},"end":{"line":47,"column":5}},"19":{"start":{"line":45,"column":36},"end":{"line":45,"column":52}},"20":{"start":{"line":46,"column":6},"end":{"line":46,"column":44}},"21":{"start":{"line":48,"column":4},"end":{"line":52,"column":5}},"22":{"start":{"line":49,"column":6},"end":{"line":51,"column":7}},"23":{"start":{"line":50,"column":8},"end":{"line":50,"column":106}},"24":{"start":{"line":53,"column":19},"end":{"line":53,"column":89}},"25":{"start":{"line":53,"column":45},"end":{"line":53,"column":77}},"26":{"start":{"line":54,"column":4},"end":{"line":54,"column":32}},"27":{"start":{"line":56,"column":4},"end":{"line":56,"column":57}},"28":{"start":{"line":68,"column":22},"end":{"line":68,"column":116}},"29":{"start":{"line":69,"column":2},"end":{"line":69,"column":72}},"30":{"start":{"line":71,"column":19},"end":{"line":71,"column":21}},"31":{"start":{"line":72,"column":2},"end":{"line":79,"column":3}},"32":{"start":{"line":73,"column":15},"end":{"line":73,"column":51}},"33":{"start":{"line":74,"column":19},"end":{"line":74,"column":86}},"34":{"start":{"line":75,"column":4},"end":{"line":77,"column":5}},"35":{"start":{"line":76,"column":6},"end":{"line":76,"column":59}},"36":{"start":{"line":78,"column":4},"end":{"line":78,"column":38}},"37":{"start":{"line":81,"column":2},"end":{"line":83,"column":3}},"38":{"start":{"line":82,"column":4},"end":{"line":82,"column":13}},"39":{"start":{"line":84,"column":2},"end":{"line":84,"column":95}},"40":{"start":{"line":85,"column":2},"end":{"line":87,"column":3}},"41":{"start":{"line":86,"column":4},"end":{"line":86,"column":35}},"42":{"start":{"line":88,"column":2},"end":{"line":88,"column":11}},"43":{"start":{"line":95,"column":4},"end":{"line":95,"column":28}},"44":{"start":{"line":98,"column":2},"end":{"line":98,"column":27}},"45":{"start":{"line":98,"column":15},"end":{"line":98,"column":27}},"46":{"start":{"line":99,"column":15},"end":{"line":99,"column":22}},"47":{"start":{"line":100,"column":2},"end":{"line":100,"column":20}},"48":{"start":{"line":101,"column":2},"end":{"line":101,"column":14}},"49":{"start":{"line":104,"column":0},"end":{"line":109,"column":2}},"50":{"start":{"line":111,"column":0},"end":{"line":111,"column":11}}},"fnMap":{"0":{"name":"claudeRunner","decl":{"start":{"line":19,"column":9},"end":{"line":19,"column":21}},"loc":{"start":{"line":19,"column":44},"end":{"line":26,"column":1}},"line":19},"1":{"name":"(anonymous_1)","decl":{"start":{"line":20,"column":9},"end":{"line":20,"column":10}},"loc":{"start":{"line":20,"column":24},"end":{"line":25,"column":4}},"line":20},"2":{"name":"checkPlugin","decl":{"start":{"line":28,"column":9},"end":{"line":28,"column":20}},"loc":{"start":{"line":28,"column":61},"end":{"line":58,"column":1}},"line":28},"3":{"name":"(anonymous_3)","decl":{"start":{"line":45,"column":24},"end":{"line":45,"column":25}},"loc":{"start":{"line":45,"column":36},"end":{"line":45,"column":52}},"line":45},"4":{"name":"(anonymous_4)","decl":{"start":{"line":53,"column":33},"end":{"line":53,"column":34}},"loc":{"start":{"line":53,"column":45},"end":{"line":53,"column":77}},"line":53},"5":{"name":"run","decl":{"start":{"line":60,"column":9},"end":{"line":60,"column":12}},"loc":{"start":{"line":67,"column":8},"end":{"line":89,"column":1}},"line":67},"6":{"name":"startCli","decl":{"start":{"line":91,"column":9},"end":{"line":91,"column":17}},"loc":{"start":{"line":97,"column":8},"end":{"line":102,"column":1}},"line":97},"7":{"name":"(anonymous_7)","decl":{"start":{"line":94,"column":16},"end":{"line":94,"column":17}},"loc":{"start":{"line":94,"column":26},"end":{"line":96,"column":3}},"line":94}},"branchMap":{"0":{"loc":{"start":{"line":39,"column":53},"end":{"line":39,"column":82}},"type":"binary-expr","locations":[{"start":{"line":39,"column":53},"end":{"line":39,"column":65}},{"start":{"line":39,"column":69},"end":{"line":39,"column":82}}],"line":39},"1":{"loc":{"start":{"line":45,"column":4},"end":{"line":47,"column":5}},"type":"if","locations":[{"start":{"line":45,"column":4},"end":{"line":47,"column":5}},{"start":{},"end":{}}],"line":45},"2":{"loc":{"start":{"line":49,"column":26},"end":{"line":49,"column":45}},"type":"binary-expr","locations":[{"start":{"line":49,"column":26},"end":{"line":49,"column":39}},{"start":{"line":49,"column":43},"end":{"line":49,"column":45}}],"line":49},"3":{"loc":{"start":{"line":50,"column":22},"end":{"line":50,"column":104}},"type":"cond-expr","locations":[{"start":{"line":50,"column":41},"end":{"line":50,"column":58}},{"start":{"line":50,"column":61},"end":{"line":50,"column":104}}],"line":50},"4":{"loc":{"start":{"line":60,"column":13},"end":{"line":67,"column":6}},"type":"default-arg","locations":[{"start":{"line":67,"column":4},"end":{"line":67,"column":6}}],"line":60},"5":{"loc":{"start":{"line":61,"column":2},"end":{"line":61,"column":28}},"type":"default-arg","locations":[{"start":{"line":61,"column":13},"end":{"line":61,"column":28}}],"line":61},"6":{"loc":{"start":{"line":62,"column":2},"end":{"line":62,"column":19}},"type":"default-arg","locations":[{"start":{"line":62,"column":8},"end":{"line":62,"column":19}}],"line":62},"7":{"loc":{"start":{"line":63,"column":2},"end":{"line":63,"column":22}},"type":"default-arg","locations":[{"start":{"line":63,"column":11},"end":{"line":63,"column":22}}],"line":63},"8":{"loc":{"start":{"line":64,"column":2},"end":{"line":64,"column":76}},"type":"default-arg","locations":[{"start":{"line":64,"column":14},"end":{"line":64,"column":76}}],"line":64},"9":{"loc":{"start":{"line":64,"column":37},"end":{"line":64,"column":63}},"type":"binary-expr","locations":[{"start":{"line":64,"column":37},"end":{"line":64,"column":51}},{"start":{"line":64,"column":55},"end":{"line":64,"column":63}}],"line":64},"10":{"loc":{"start":{"line":65,"column":2},"end":{"line":65,"column":25}},"type":"default-arg","locations":[{"start":{"line":65,"column":11},"end":{"line":65,"column":25}}],"line":65},"11":{"loc":{"start":{"line":66,"column":2},"end":{"line":66,"column":25}},"type":"default-arg","locations":[{"start":{"line":66,"column":11},"end":{"line":66,"column":25}}],"line":66},"12":{"loc":{"start":{"line":75,"column":4},"end":{"line":77,"column":5}},"type":"if","locations":[{"start":{"line":75,"column":4},"end":{"line":77,"column":5}},{"start":{},"end":{}}],"line":75},"13":{"loc":{"start":{"line":81,"column":2},"end":{"line":83,"column":3}},"type":"if","locations":[{"start":{"line":81,"column":2},"end":{"line":83,"column":3}},{"start":{},"end":{}}],"line":81},"14":{"loc":{"start":{"line":91,"column":18},"end":{"line":97,"column":6}},"type":"default-arg","locations":[{"start":{"line":97,"column":4},"end":{"line":97,"column":6}}],"line":91},"15":{"loc":{"start":{"line":92,"column":2},"end":{"line":92,"column":34}},"type":"default-arg","locations":[{"start":{"line":92,"column":11},"end":{"line":92,"column":34}}],"line":92},"16":{"loc":{"start":{"line":93,"column":2},"end":{"line":93,"column":13}},"type":"default-arg","locations":[{"start":{"line":93,"column":10},"end":{"line":93,"column":13}}],"line":93},"17":{"loc":{"start":{"line":94,"column":2},"end":{"line":96,"column":3}},"type":"default-arg","locations":[{"start":{"line":94,"column":16},"end":{"line":96,"column":3}}],"line":94},"18":{"loc":{"start":{"line":98,"column":2},"end":{"line":98,"column":27}},"type":"if","locations":[{"start":{"line":98,"column":2},"end":{"line":98,"column":27}},{"start":{},"end":{}}],"line":98}},"s":{"0":1,"1":1,"2":1,"3":1,"4":1,"5":3,"6":30,"7":13,"8":13,"9":13,"10":13,"11":13,"12":13,"13":13,"14":13,"15":2,"16":11,"17":11,"18":11,"19":10,"20":1,"21":11,"22":11,"23":3,"24":11,"25":11,"26":11,"27":13,"28":3,"29":3,"30":3,"31":3,"32":12,"33":12,"34":12,"35":8,"36":12,"37":3,"38":2,"39":1,"40":1,"41":4,"42":1,"43":1,"44":4,"45":2,"46":2,"47":2,"48":2,"49":1,"50":1},"f":{"0":3,"1":30,"2":13,"3":10,"4":11,"5":3,"6":4,"7":1},"b":{"0":[2,1],"1":[1,10],"2":[11,8],"3":[2,1],"4":[1],"5":[1],"6":[1],"7":[1],"8":[2],"9":[2,1],"10":[1],"11":[1],"12":[8,4],"13":[2,1],"14":[1],"15":[1],"16":[1],"17":[3],"18":[2,2]},"_coverageSchema":"1a1c01bbd47fc00a2c39e90264f33305004495a9","hash":"61e43eef7731727f59b77962d5e9739dd062be8c","contentHash":"546d168b40ab0a9b1481e624971a06e0937af0ab207c13b809bf936dee01678f"}}